# JRE version: Java(TM) SE Runtime Environment (7.0_79-b15) (build 1.7.0_79-b15)
# Java VM: Java HotSpot(TM) 64-Bit Server VM (24.79-b02 mixed mode windows-amd64 compressed oops)
Heap
 PSYoungGen      total 138752K, used 25927K [0x00000000eb400000, 0x00000000f9300000, 0x0000000100000000)
  eden space 130560K, 13% used [0x00000000eb400000,0x00000000ec553598,0x00000000f3380000)
  from space 8192K, 99% used [0x00000000f3380000,0x00000000f3b7e7d8,0x00000000f3b80000)
  to   space 9728K, 0% used [0x00000000f8980000,0x00000000f8980000,0x00000000f9300000)
 ParOldGen       total 42496K, used 13516K [0x00000000c1c00000, 0x00000000c4580000, 0x00000000eb400000)
  object space 42496K, 31% used [0x00000000c1c00000,0x00000000c2933358,0x00000000c4580000)
 PSPermGen       total 31232K, used 30753K [0x00000000bca00000, 0x00000000be880000, 0x00000000c1c00000)
  object space 31232K, 98% used [0x00000000bca00000,0x00000000be808690,0x00000000be880000)
GC Heap History (10 events):
Event: 2.178 GC heap before
{Heap before GC invocations=5 (full 0):
 PSYoungGen      total 35328K, used 35328K [0x00000000eb400000, 0x00000000ed900000, 0x0000000100000000)
  eden space 32768K, 100% used [0x00000000eb400000,0x00000000ed400000,0x00000000ed400000)
  from space 2560K, 100% used [0x00000000ed680000,0x00000000ed900000,0x00000000ed900000)
  to   space 2560K, 0% used [0x00000000ed400000,0x00000000ed400000,0x00000000ed680000)
 ParOldGen       total 42496K, used 5808K [0x00000000c1c00000, 0x00000000c4580000, 0x00000000eb400000)
  object space 42496K, 13% used [0x00000000c1c00000,0x00000000c21ac228,0x00000000c4580000)
 PSPermGen       total 21504K, used 17146K [0x00000000bca00000, 0x00000000bdf00000, 0x00000000c1c00000)
  object space 21504K, 79% used [0x00000000bca00000,0x00000000bdabeb10,0x00000000bdf00000)
Event: 2.189 GC heap after
Heap after GC invocations=5 (full 0):
 PSYoungGen      total 35328K, used 2544K [0x00000000eb400000, 0x00000000f0000000, 0x0000000100000000)
  eden space 32768K, 0% used [0x00000000eb400000,0x00000000eb400000,0x00000000ed400000)
  from space 2560K, 99% used [0x00000000ed400000,0x00000000ed67c010,0x00000000ed680000)
  to   space 6144K, 0% used [0x00000000efa00000,0x00000000efa00000,0x00000000f0000000)
 ParOldGen       total 42496K, used 9074K [0x00000000c1c00000, 0x00000000c4580000, 0x00000000eb400000)
  object space 42496K, 21% used [0x00000000c1c00000,0x00000000c24dc898,0x00000000c4580000)
 PSPermGen       total 21504K, used 17146K [0x00000000bca00000, 0x00000000bdf00000, 0x00000000c1c00000)
  object space 21504K, 79% used [0x00000000bca00000,0x00000000bdabeb10,0x00000000bdf00000)
}
Event: 2.496 GC heap before
{Heap before GC invocations=6 (full 0):
 PSYoungGen      total 35328K, used 35312K [0x00000000eb400000, 0x00000000f0000000, 0x0000000100000000)
  eden space 32768K, 100% used [0x00000000eb400000,0x00000000ed400000,0x00000000ed400000)
  from space 2560K, 99% used [0x00000000ed400000,0x00000000ed67c010,0x00000000ed680000)
  to   space 6144K, 0% used [0x00000000efa00000,0x00000000efa00000,0x00000000f0000000)
 ParOldGen       total 42496K, used 9074K [0x00000000c1c00000, 0x00000000c4580000, 0x00000000eb400000)
  object space 42496K, 21% used [0x00000000c1c00000,0x00000000c24dc898,0x00000000c4580000)
 PSPermGen       total 21504K, used 18946K [0x00000000bca00000, 0x00000000bdf00000, 0x00000000c1c00000)
  object space 21504K, 88% used [0x00000000bca00000,0x00000000bdc80bd0,0x00000000bdf00000)
Event: 2.505 GC heap after
Heap after GC invocations=6 (full 0):
 PSYoungGen      total 71680K, used 4859K [0x00000000eb400000, 0x00000000f0000000, 0x0000000100000000)
  eden space 65536K, 0% used [0x00000000eb400000,0x00000000eb400000,0x00000000ef400000)
  from space 6144K, 79% used [0x00000000efa00000,0x00000000efebef00,0x00000000f0000000)
  to   space 6144K, 0% used [0x00000000ef400000,0x00000000ef400000,0x00000000efa00000)
 ParOldGen       total 42496K, used 9074K [0x00000000c1c00000, 0x00000000c4580000, 0x00000000eb400000)
  object space 42496K, 21% used [0x00000000c1c00000,0x00000000c24dc898,0x00000000c4580000)
 PSPermGen       total 21504K, used 18946K [0x00000000bca00000, 0x00000000bdf00000, 0x00000000c1c00000)
  object space 21504K, 88% used [0x00000000bca00000,0x00000000bdc80bd0,0x00000000bdf00000)
}
Event: 3.296 GC heap before
{Heap before GC invocations=7 (full 0):
 PSYoungGen      total 71680K, used 70395K [0x00000000eb400000, 0x00000000f0000000, 0x0000000100000000)
  eden space 65536K, 100% used [0x00000000eb400000,0x00000000ef400000,0x00000000ef400000)
  from space 6144K, 79% used [0x00000000efa00000,0x00000000efebef00,0x00000000f0000000)
  to   space 6144K, 0% used [0x00000000ef400000,0x00000000ef400000,0x00000000efa00000)
 ParOldGen       total 42496K, used 9074K [0x00000000c1c00000, 0x00000000c4580000, 0x00000000eb400000)
  object space 42496K, 21% used [0x00000000c1c00000,0x00000000c24dc898,0x00000000c4580000)
 PSPermGen       total 25088K, used 25044K [0x00000000bca00000, 0x00000000be280000, 0x00000000c1c00000)
  object space 25088K, 99% used [0x00000000bca00000,0x00000000be275088,0x00000000be280000)
Event: 3.312 GC heap after
Heap after GC invocations=7 (full 0):
 PSYoungGen      total 71680K, used 6134K [0x00000000eb400000, 0x00000000f4300000, 0x0000000100000000)
  eden space 65536K, 0% used [0x00000000eb400000,0x00000000eb400000,0x00000000ef400000)
  from space 6144K, 99% used [0x00000000ef400000,0x00000000ef9fd888,0x00000000efa00000)
  to   space 7680K, 0% used [0x00000000f3b80000,0x00000000f3b80000,0x00000000f4300000)
 ParOldGen       total 42496K, used 11460K [0x00000000c1c00000, 0x00000000c4580000, 0x00000000eb400000)
  object space 42496K, 26% used [0x00000000c1c00000,0x00000000c27312c0,0x00000000c4580000)
 PSPermGen       total 25088K, used 25044K [0x00000000bca00000, 0x00000000be280000, 0x00000000c1c00000)
  object space 25088K, 99% used [0x00000000bca00000,0x00000000be275088,0x00000000be280000)
}
Event: 6.510 GC heap before
{Heap before GC invocations=8 (full 0):
 PSYoungGen      total 71680K, used 71670K [0x00000000eb400000, 0x00000000f4300000, 0x0000000100000000)
  eden space 65536K, 100% used [0x00000000eb400000,0x00000000ef400000,0x00000000ef400000)
  from space 6144K, 99% used [0x00000000ef400000,0x00000000ef9fd888,0x00000000efa00000)
  to   space 7680K, 0% used [0x00000000f3b80000,0x00000000f3b80000,0x00000000f4300000)
 ParOldGen       total 42496K, used 11460K [0x00000000c1c00000, 0x00000000c4580000, 0x00000000eb400000)
  object space 42496K, 26% used [0x00000000c1c00000,0x00000000c27312c0,0x00000000c4580000)
 PSPermGen       total 28160K, used 28031K [0x00000000bca00000, 0x00000000be580000, 0x00000000c1c00000)
  object space 28160K, 99% used [0x00000000bca00000,0x00000000be55fef0,0x00000000be580000)
Event: 6.524 GC heap after
Heap after GC invocations=8 (full 0):
 PSYoungGen      total 138240K, used 6297K [0x00000000eb400000, 0x00000000f4400000, 0x0000000100000000)
  eden space 130560K, 0% used [0x00000000eb400000,0x00000000eb400000,0x00000000f3380000)
  from space 7680K, 81% used [0x00000000f3b80000,0x00000000f41a6658,0x00000000f4300000)
  to   space 8192K, 0% used [0x00000000f3380000,0x00000000f3380000,0x00000000f3b80000)
 ParOldGen       total 42496K, used 12071K [0x00000000c1c00000, 0x00000000c4580000, 0x00000000eb400000)
  object space 42496K, 28% used [0x00000000c1c00000,0x00000000c27c9d30,0x00000000c4580000)
 PSPermGen       total 28160K, used 28031K [0x00000000bca00000, 0x00000000be580000, 0x00000000c1c00000)
  object space 28160K, 99% used [0x00000000bca00000,0x00000000be55fef0,0x00000000be580000)
}
Event: 32.006 GC heap before
{Heap before GC invocations=9 (full 0):
 PSYoungGen      total 138240K, used 136857K [0x00000000eb400000, 0x00000000f4400000, 0x0000000100000000)
  eden space 130560K, 100% used [0x00000000eb400000,0x00000000f3380000,0x00000000f3380000)
  from space 7680K, 81% used [0x00000000f3b80000,0x00000000f41a6658,0x00000000f4300000)
  to   space 8192K, 0% used [0x00000000f3380000,0x00000000f3380000,0x00000000f3b80000)
 ParOldGen       total 42496K, used 12071K [0x00000000c1c00000, 0x00000000c4580000, 0x00000000eb400000)
  object space 42496K, 28% used [0x00000000c1c00000,0x00000000c27c9d30,0x00000000c4580000)
 PSPermGen       total 31232K, used 30734K [0x00000000bca00000, 0x00000000be880000, 0x00000000c1c00000)
  object space 31232K, 98% used [0x00000000bca00000,0x00000000be803ac0,0x00000000be880000)
Event: 32.020 GC heap after
Heap after GC invocations=9 (full 0):
 PSYoungGen      total 138752K, used 8185K [0x00000000eb400000, 0x00000000f9300000, 0x0000000100000000)
  eden space 130560K, 0% used [0x00000000eb400000,0x00000000eb400000,0x00000000f3380000)
  from space 8192K, 99% used [0x00000000f3380000,0x00000000f3b7e7d8,0x00000000f3b80000)
  to   space 9728K, 0% used [0x00000000f8980000,0x00000000f8980000,0x00000000f9300000)
 ParOldGen       total 42496K, used 13516K [0x00000000c1c00000, 0x00000000c4580000, 0x00000000eb400000)
  object space 42496K, 31% used [0x00000000c1c00000,0x00000000c2933358,0x00000000c4580000)
 PSPermGen       total 31232K, used 30734K [0x00000000bca00000, 0x00000000be880000, 0x00000000c1c00000)
  object space 31232K, 98% used [0x00000000bca00000,0x00000000be803ac0,0x00000000be880000)
}

